/home/kl321/AutoSAM/scripts/main_feat_seg.py:115: UserWarning: You have chosen a specific GPU. This will completely disable data parallelism.
  warnings.warn('You have chosen a specific GPU. This will completely '
Use GPU: 0 for training
loaded keys: ['image_encoder.neck.0.weight', 'image_encoder.neck.1.weight', 'image_encoder.neck.1.bias', 'image_encoder.neck.2.weight', 'image_encoder.neck.3.weight', 'image_encoder.neck.3.bias', 'image_encoder.patch_embed.proj.weight', 'image_encoder.patch_embed.proj.bias', 'image_encoder.blocks.0.norm1.weight', 'image_encoder.blocks.0.norm1.bias', 'image_encoder.blocks.0.attn.rel_pos_h', 'image_encoder.blocks.0.attn.rel_pos_w', 'image_encoder.blocks.0.attn.qkv.weight', 'image_encoder.blocks.0.attn.qkv.bias', 'image_encoder.blocks.0.attn.proj.weight', 'image_encoder.blocks.0.attn.proj.bias', 'image_encoder.blocks.0.norm2.weight', 'image_encoder.blocks.0.norm2.bias', 'image_encoder.blocks.0.mlp.lin1.weight', 'image_encoder.blocks.0.mlp.lin1.bias', 'image_encoder.blocks.0.mlp.lin2.weight', 'image_encoder.blocks.0.mlp.lin2.bias', 'image_encoder.blocks.1.norm1.weight', 'image_encoder.blocks.1.norm1.bias', 'image_encoder.blocks.1.attn.rel_pos_h', 'image_encoder.blocks.1.attn.rel_pos_w', 'image_encoder.blocks.1.attn.qkv.weight', 'image_encoder.blocks.1.attn.qkv.bias', 'image_encoder.blocks.1.attn.proj.weight', 'image_encoder.blocks.1.attn.proj.bias', 'image_encoder.blocks.1.norm2.weight', 'image_encoder.blocks.1.norm2.bias', 'image_encoder.blocks.1.mlp.lin1.weight', 'image_encoder.blocks.1.mlp.lin1.bias', 'image_encoder.blocks.1.mlp.lin2.weight', 'image_encoder.blocks.1.mlp.lin2.bias', 'image_encoder.blocks.2.norm1.weight', 'image_encoder.blocks.2.norm1.bias', 'image_encoder.blocks.2.attn.rel_pos_h', 'image_encoder.blocks.2.attn.rel_pos_w', 'image_encoder.blocks.2.attn.qkv.weight', 'image_encoder.blocks.2.attn.qkv.bias', 'image_encoder.blocks.2.attn.proj.weight', 'image_encoder.blocks.2.attn.proj.bias', 'image_encoder.blocks.2.norm2.weight', 'image_encoder.blocks.2.norm2.bias', 'image_encoder.blocks.2.mlp.lin1.weight', 'image_encoder.blocks.2.mlp.lin1.bias', 'image_encoder.blocks.2.mlp.lin2.weight', 'image_encoder.blocks.2.mlp.lin2.bias', 'image_encoder.blocks.3.norm1.weight', 'image_encoder.blocks.3.norm1.bias', 'image_encoder.blocks.3.attn.rel_pos_h', 'image_encoder.blocks.3.attn.rel_pos_w', 'image_encoder.blocks.3.attn.qkv.weight', 'image_encoder.blocks.3.attn.qkv.bias', 'image_encoder.blocks.3.attn.proj.weight', 'image_encoder.blocks.3.attn.proj.bias', 'image_encoder.blocks.3.norm2.weight', 'image_encoder.blocks.3.norm2.bias', 'image_encoder.blocks.3.mlp.lin1.weight', 'image_encoder.blocks.3.mlp.lin1.bias', 'image_encoder.blocks.3.mlp.lin2.weight', 'image_encoder.blocks.3.mlp.lin2.bias', 'image_encoder.blocks.4.norm1.weight', 'image_encoder.blocks.4.norm1.bias', 'image_encoder.blocks.4.attn.rel_pos_h', 'image_encoder.blocks.4.attn.rel_pos_w', 'image_encoder.blocks.4.attn.qkv.weight', 'image_encoder.blocks.4.attn.qkv.bias', 'image_encoder.blocks.4.attn.proj.weight', 'image_encoder.blocks.4.attn.proj.bias', 'image_encoder.blocks.4.norm2.weight', 'image_encoder.blocks.4.norm2.bias', 'image_encoder.blocks.4.mlp.lin1.weight', 'image_encoder.blocks.4.mlp.lin1.bias', 'image_encoder.blocks.4.mlp.lin2.weight', 'image_encoder.blocks.4.mlp.lin2.bias', 'image_encoder.blocks.5.norm1.weight', 'image_encoder.blocks.5.norm1.bias', 'image_encoder.blocks.5.attn.rel_pos_h', 'image_encoder.blocks.5.attn.rel_pos_w', 'image_encoder.blocks.5.attn.qkv.weight', 'image_encoder.blocks.5.attn.qkv.bias', 'image_encoder.blocks.5.attn.proj.weight', 'image_encoder.blocks.5.attn.proj.bias', 'image_encoder.blocks.5.norm2.weight', 'image_encoder.blocks.5.norm2.bias', 'image_encoder.blocks.5.mlp.lin1.weight', 'image_encoder.blocks.5.mlp.lin1.bias', 'image_encoder.blocks.5.mlp.lin2.weight', 'image_encoder.blocks.5.mlp.lin2.bias', 'image_encoder.blocks.6.norm1.weight', 'image_encoder.blocks.6.norm1.bias', 'image_encoder.blocks.6.attn.rel_pos_h', 'image_encoder.blocks.6.attn.rel_pos_w', 'image_encoder.blocks.6.attn.qkv.weight', 'image_encoder.blocks.6.attn.qkv.bias', 'image_encoder.blocks.6.attn.proj.weight', 'image_encoder.blocks.6.attn.proj.bias', 'image_encoder.blocks.6.norm2.weight', 'image_encoder.blocks.6.norm2.bias', 'image_encoder.blocks.6.mlp.lin1.weight', 'image_encoder.blocks.6.mlp.lin1.bias', 'image_encoder.blocks.6.mlp.lin2.weight', 'image_encoder.blocks.6.mlp.lin2.bias', 'image_encoder.blocks.7.norm1.weight', 'image_encoder.blocks.7.norm1.bias', 'image_encoder.blocks.7.attn.rel_pos_h', 'image_encoder.blocks.7.attn.rel_pos_w', 'image_encoder.blocks.7.attn.qkv.weight', 'image_encoder.blocks.7.attn.qkv.bias', 'image_encoder.blocks.7.attn.proj.weight', 'image_encoder.blocks.7.attn.proj.bias', 'image_encoder.blocks.7.norm2.weight', 'image_encoder.blocks.7.norm2.bias', 'image_encoder.blocks.7.mlp.lin1.weight', 'image_encoder.blocks.7.mlp.lin1.bias', 'image_encoder.blocks.7.mlp.lin2.weight', 'image_encoder.blocks.7.mlp.lin2.bias', 'image_encoder.blocks.8.norm1.weight', 'image_encoder.blocks.8.norm1.bias', 'image_encoder.blocks.8.attn.rel_pos_h', 'image_encoder.blocks.8.attn.rel_pos_w', 'image_encoder.blocks.8.attn.qkv.weight', 'image_encoder.blocks.8.attn.qkv.bias', 'image_encoder.blocks.8.attn.proj.weight', 'image_encoder.blocks.8.attn.proj.bias', 'image_encoder.blocks.8.norm2.weight', 'image_encoder.blocks.8.norm2.bias', 'image_encoder.blocks.8.mlp.lin1.weight', 'image_encoder.blocks.8.mlp.lin1.bias', 'image_encoder.blocks.8.mlp.lin2.weight', 'image_encoder.blocks.8.mlp.lin2.bias', 'image_encoder.blocks.9.norm1.weight', 'image_encoder.blocks.9.norm1.bias', 'image_encoder.blocks.9.attn.rel_pos_h', 'image_encoder.blocks.9.attn.rel_pos_w', 'image_encoder.blocks.9.attn.qkv.weight', 'image_encoder.blocks.9.attn.qkv.bias', 'image_encoder.blocks.9.attn.proj.weight', 'image_encoder.blocks.9.attn.proj.bias', 'image_encoder.blocks.9.norm2.weight', 'image_encoder.blocks.9.norm2.bias', 'image_encoder.blocks.9.mlp.lin1.weight', 'image_encoder.blocks.9.mlp.lin1.bias', 'image_encoder.blocks.9.mlp.lin2.weight', 'image_encoder.blocks.9.mlp.lin2.bias', 'image_encoder.blocks.10.norm1.weight', 'image_encoder.blocks.10.norm1.bias', 'image_encoder.blocks.10.attn.rel_pos_h', 'image_encoder.blocks.10.attn.rel_pos_w', 'image_encoder.blocks.10.attn.qkv.weight', 'image_encoder.blocks.10.attn.qkv.bias', 'image_encoder.blocks.10.attn.proj.weight', 'image_encoder.blocks.10.attn.proj.bias', 'image_encoder.blocks.10.norm2.weight', 'image_encoder.blocks.10.norm2.bias', 'image_encoder.blocks.10.mlp.lin1.weight', 'image_encoder.blocks.10.mlp.lin1.bias', 'image_encoder.blocks.10.mlp.lin2.weight', 'image_encoder.blocks.10.mlp.lin2.bias', 'image_encoder.blocks.11.norm1.weight', 'image_encoder.blocks.11.norm1.bias', 'image_encoder.blocks.11.attn.rel_pos_h', 'image_encoder.blocks.11.attn.rel_pos_w', 'image_encoder.blocks.11.attn.qkv.weight', 'image_encoder.blocks.11.attn.qkv.bias', 'image_encoder.blocks.11.attn.proj.weight', 'image_encoder.blocks.11.attn.proj.bias', 'image_encoder.blocks.11.norm2.weight', 'image_encoder.blocks.11.norm2.bias', 'image_encoder.blocks.11.mlp.lin1.weight', 'image_encoder.blocks.11.mlp.lin1.bias', 'image_encoder.blocks.11.mlp.lin2.weight', 'image_encoder.blocks.11.mlp.lin2.bias', 'image_encoder.pos_embed']
['patient_035', 'patient_083', 'patient_010', 'patient_086', 'patient_088']
['patient_057', 'patient_028', 'patient_087', 'patient_061', 'patient_032', 'patient_011', 'patient_078', 'patient_009', 'patient_068', 'patient_021', 'patient_079', 'patient_004', 'patient_089', 'patient_023', 'patient_070']
['patient_014', 'patient_060', 'patient_044', 'patient_036', 'patient_003', 'patient_100', 'patient_065', 'patient_013', 'patient_038', 'patient_093', 'patient_043', 'patient_082', 'patient_031', 'patient_005', 'patient_016']
dataset length: 104
dataset length: 258
dataset length: 296
output_experiment/cnn120_5
Train: [0][0/26]	loss 2.4104
Train: [0][10/26]	loss 2.1609
Train: [0][20/26]	loss 1.1772
VALIDATE
Epoch:  0 Loss: 0.8276
Train: [1][0/26]	loss 1.2845
Train: [1][10/26]	loss 0.8686
Train: [1][20/26]	loss 1.0198
VALIDATE
Epoch:  1 Loss: 0.7203
Train: [2][0/26]	loss 1.0250
Train: [2][10/26]	loss 0.9103
Train: [2][20/26]	loss 0.8325
VALIDATE
Epoch:  2 Loss: 0.5447
Train: [3][0/26]	loss 0.6405
Train: [3][10/26]	loss 0.6185
Train: [3][20/26]	loss 0.9814
VALIDATE
Epoch:  3 Loss: 0.5290
Train: [4][0/26]	loss 1.1201
Train: [4][10/26]	loss 0.6127
Train: [4][20/26]	loss 0.9588
VALIDATE
Epoch:  4 Loss: 0.5709
Train: [5][0/26]	loss 1.3580
Train: [5][10/26]	loss 0.8833
Train: [5][20/26]	loss 0.7183
VALIDATE
Epoch:  5 Loss: 0.4711
Train: [6][0/26]	loss 0.6940
Train: [6][10/26]	loss 1.0252
Train: [6][20/26]	loss 0.9966
VALIDATE
Epoch:  6 Loss: 0.4836
Train: [7][0/26]	loss 0.6380
Train: [7][10/26]	loss 0.7260
Train: [7][20/26]	loss 0.7126
VALIDATE
Epoch:  7 Loss: 0.4040
Train: [8][0/26]	loss 1.2071
Train: [8][10/26]	loss 0.8949
Train: [8][20/26]	loss 1.1174
VALIDATE
Epoch:  8 Loss: 0.4728
Train: [9][0/26]	loss 0.8443
Train: [9][10/26]	loss 0.6999
Train: [9][20/26]	loss 0.6178
VALIDATE
Epoch:  9 Loss: 0.3768
Train: [10][0/26]	loss 0.6970
Train: [10][10/26]	loss 0.9021
Train: [10][20/26]	loss 0.8864
VALIDATE
Epoch: 10 Loss: 0.3688
Train: [11][0/26]	loss 0.7346
Train: [11][10/26]	loss 0.8364
Train: [11][20/26]	loss 0.6447
VALIDATE
Epoch: 11 Loss: 0.4025
Train: [12][0/26]	loss 0.5709
Train: [12][10/26]	loss 0.5339
Train: [12][20/26]	loss 1.2213
VALIDATE
Epoch: 12 Loss: 0.3757
Train: [13][0/26]	loss 0.4033
Train: [13][10/26]	loss 1.1126
Train: [13][20/26]	loss 0.7094
VALIDATE
Epoch: 13 Loss: 0.3421
Train: [14][0/26]	loss 0.9684
Train: [14][10/26]	loss 0.3942
Train: [14][20/26]	loss 0.8572
VALIDATE
Epoch: 14 Loss: 0.2929
Train: [15][0/26]	loss 0.5730
Train: [15][10/26]	loss 0.4006
Train: [15][20/26]	loss 0.3189
VALIDATE
Epoch: 15 Loss: 0.3081
Train: [16][0/26]	loss 0.4573
Train: [16][10/26]	loss 0.8402
Train: [16][20/26]	loss 0.8434
VALIDATE
Epoch: 16 Loss: 0.2720
Train: [17][0/26]	loss 0.7331
Train: [17][10/26]	loss 0.9479
Train: [17][20/26]	loss 0.6190
VALIDATE
Epoch: 17 Loss: 0.2559
Train: [18][0/26]	loss 0.4889
Train: [18][10/26]	loss 0.5410
Train: [18][20/26]	loss 0.6093
VALIDATE
Epoch: 18 Loss: 0.2218
Train: [19][0/26]	loss 0.6673
Train: [19][10/26]	loss 0.3289
Train: [19][20/26]	loss 0.2175
VALIDATE
Epoch: 19 Loss: 0.2517
Train: [20][0/26]	loss 0.5450
Train: [20][10/26]	loss 0.2811
Train: [20][20/26]	loss 0.4954
VALIDATE
Epoch: 20 Loss: 0.2122
Train: [21][0/26]	loss 0.9573
Train: [21][10/26]	loss 1.1728
Train: [21][20/26]	loss 0.4108
VALIDATE
Epoch: 21 Loss: 0.2372
Train: [22][0/26]	loss 0.2760
Train: [22][10/26]	loss 0.4145
Train: [22][20/26]	loss 0.9742
VALIDATE
Epoch: 22 Loss: 0.2131
Train: [23][0/26]	loss 0.6275
Train: [23][10/26]	loss 0.4104
Train: [23][20/26]	loss 0.6313
VALIDATE
Epoch: 23 Loss: 0.2230
Train: [24][0/26]	loss 0.6922
Train: [24][10/26]	loss 0.5608
Train: [24][20/26]	loss 0.9367
VALIDATE
Epoch: 24 Loss: 0.2191
Train: [25][0/26]	loss 0.4384
Train: [25][10/26]	loss 0.3114
Train: [25][20/26]	loss 0.5441
VALIDATE
Epoch: 25 Loss: 0.2428
Train: [26][0/26]	loss 0.7094
Train: [26][10/26]	loss 0.8569
Train: [26][20/26]	loss 0.4809
VALIDATE
Epoch: 26 Loss: 0.2310
Train: [27][0/26]	loss 0.5055
Train: [27][10/26]	loss 0.7804
Train: [27][20/26]	loss 0.6862
VALIDATE
Epoch: 27 Loss: 0.2078
Train: [28][0/26]	loss 0.5550
Train: [28][10/26]	loss 0.4854
Train: [28][20/26]	loss 0.4158
VALIDATE
Epoch: 28 Loss: 0.2194
Train: [29][0/26]	loss 0.3361
Train: [29][10/26]	loss 0.5868
Train: [29][20/26]	loss 0.6042
VALIDATE
Epoch: 29 Loss: 0.2197
Train: [30][0/26]	loss 0.6391
Train: [30][10/26]	loss 0.7059
Train: [30][20/26]	loss 0.5818
VALIDATE
Epoch: 30 Loss: 0.2078
Train: [31][0/26]	loss 0.3357
Train: [31][10/26]	loss 0.4209
Train: [31][20/26]	loss 0.2779
VALIDATE
Epoch: 31 Loss: 0.2123
Train: [32][0/26]	loss 0.2095
Train: [32][10/26]	loss 0.2989
Train: [32][20/26]	loss 0.4539
VALIDATE
Epoch: 32 Loss: 0.2448
Train: [33][0/26]	loss 0.4148
Train: [33][10/26]	loss 0.6073
Train: [33][20/26]	loss 0.4000
VALIDATE
Epoch: 33 Loss: 0.2081
Train: [34][0/26]	loss 0.3260
Train: [34][10/26]	loss 0.7856
Train: [34][20/26]	loss 0.5492
VALIDATE
Epoch: 34 Loss: 0.2230
Train: [35][0/26]	loss 0.3170
Train: [35][10/26]	loss 0.3983
Train: [35][20/26]	loss 0.2660
VALIDATE
Epoch: 35 Loss: 0.1923
Train: [36][0/26]	loss 0.5035
Train: [36][10/26]	loss 0.5844
Train: [36][20/26]	loss 0.1595
VALIDATE
Epoch: 36 Loss: 0.1917
Train: [37][0/26]	loss 0.2796
Train: [37][10/26]	loss 0.4088
Train: [37][20/26]	loss 0.7751
VALIDATE
Epoch: 37 Loss: 0.2169
Train: [38][0/26]	loss 0.3605
Train: [38][10/26]	loss 0.5525
Train: [38][20/26]	loss 0.4360
VALIDATE
Epoch: 38 Loss: 0.2135
Train: [39][0/26]	loss 0.2480
Train: [39][10/26]	loss 0.8418
Train: [39][20/26]	loss 0.9223
VALIDATE
Epoch: 39 Loss: 0.1921
Train: [40][0/26]	loss 0.2972
Train: [40][10/26]	loss 0.2521
Train: [40][20/26]	loss 1.1494
VALIDATE
Epoch: 40 Loss: 0.1937
Train: [41][0/26]	loss 0.4056
Train: [41][10/26]	loss 1.0604
Train: [41][20/26]	loss 0.5559
VALIDATE
Epoch: 41 Loss: 0.1940
Train: [42][0/26]	loss 0.1623
Train: [42][10/26]	loss 0.7989
Train: [42][20/26]	loss 0.2844
VALIDATE
Epoch: 42 Loss: 0.1873
Train: [43][0/26]	loss 0.2527
Train: [43][10/26]	loss 0.3860
Train: [43][20/26]	loss 0.4439
VALIDATE
Epoch: 43 Loss: 0.2537
Train: [44][0/26]	loss 0.3158
Train: [44][10/26]	loss 0.6896
Train: [44][20/26]	loss 0.2415
VALIDATE
Epoch: 44 Loss: 0.2330
Train: [45][0/26]	loss 0.5769
Train: [45][10/26]	loss 0.3209
Train: [45][20/26]	loss 0.2897
VALIDATE
Epoch: 45 Loss: 0.1769
Train: [46][0/26]	loss 0.6312
Train: [46][10/26]	loss 0.4610
Train: [46][20/26]	loss 0.3936
VALIDATE
Epoch: 46 Loss: 0.1910
Train: [47][0/26]	loss 0.4828
Train: [47][10/26]	loss 0.2762
Train: [47][20/26]	loss 0.8502
VALIDATE
Epoch: 47 Loss: 0.1964
Train: [48][0/26]	loss 0.5252
Train: [48][10/26]	loss 0.5715
Train: [48][20/26]	loss 0.4011
VALIDATE
Epoch: 48 Loss: 0.1907
Train: [49][0/26]	loss 0.2658
Train: [49][10/26]	loss 0.4343
Train: [49][20/26]	loss 0.1567
VALIDATE
Epoch: 49 Loss: 0.1813
Train: [50][0/26]	loss 0.4521
Train: [50][10/26]	loss 0.4046
Train: [50][20/26]	loss 0.4577
VALIDATE
Epoch: 50 Loss: 0.1891
Train: [51][0/26]	loss 0.2936
Train: [51][10/26]	loss 0.4409
Train: [51][20/26]	loss 0.4883
VALIDATE
Epoch: 51 Loss: 0.1856
Train: [52][0/26]	loss 0.1761
Train: [52][10/26]	loss 0.3095
Train: [52][20/26]	loss 0.3210
VALIDATE
Epoch: 52 Loss: 0.1797
Train: [53][0/26]	loss 0.1761
Train: [53][10/26]	loss 0.2183
Train: [53][20/26]	loss 0.5336
VALIDATE
Epoch: 53 Loss: 0.1815
Train: [54][0/26]	loss 0.4524
Train: [54][10/26]	loss 0.4634
Train: [54][20/26]	loss 0.1761
VALIDATE
Epoch: 54 Loss: 0.1645
Train: [55][0/26]	loss 0.1213
Train: [55][10/26]	loss 0.4101
Train: [55][20/26]	loss 0.2993
VALIDATE
Epoch: 55 Loss: 0.1742
Train: [56][0/26]	loss 0.4006
Train: [56][10/26]	loss 0.2158
Train: [56][20/26]	loss 0.1748
VALIDATE
Epoch: 56 Loss: 0.1707
Train: [57][0/26]	loss 0.4859
Train: [57][10/26]	loss 0.3135
Train: [57][20/26]	loss 0.3191
VALIDATE
Epoch: 57 Loss: 0.1740
Train: [58][0/26]	loss 0.4104
Train: [58][10/26]	loss 0.1383
Train: [58][20/26]	loss 0.8539
VALIDATE
Epoch: 58 Loss: 0.1759
Train: [59][0/26]	loss 0.2628
Train: [59][10/26]	loss 0.5864
Train: [59][20/26]	loss 0.4898
VALIDATE
Epoch: 59 Loss: 0.1873
Train: [60][0/26]	loss 0.1789
Train: [60][10/26]	loss 0.3674
Train: [60][20/26]	loss 0.2255
VALIDATE
Epoch: 60 Loss: 0.1748
Train: [61][0/26]	loss 0.1622
Train: [61][10/26]	loss 0.1711
Train: [61][20/26]	loss 0.0993
VALIDATE
Epoch: 61 Loss: 0.1833
Train: [62][0/26]	loss 0.1990
Train: [62][10/26]	loss 0.5152
Train: [62][20/26]	loss 0.3895
VALIDATE
Epoch: 62 Loss: 0.1690
Train: [63][0/26]	loss 0.2072
Train: [63][10/26]	loss 0.3309
Train: [63][20/26]	loss 0.6589
VALIDATE
Epoch: 63 Loss: 0.1798
Train: [64][0/26]	loss 0.1461
Train: [64][10/26]	loss 0.3892
Train: [64][20/26]	loss 0.2836
VALIDATE
Epoch: 64 Loss: 0.1733
Train: [65][0/26]	loss 0.2516
Train: [65][10/26]	loss 0.1978
Train: [65][20/26]	loss 0.7972
VALIDATE
Epoch: 65 Loss: 0.1833
Train: [66][0/26]	loss 0.2991
Train: [66][10/26]	loss 0.2350
Train: [66][20/26]	loss 0.3702
VALIDATE
Epoch: 66 Loss: 0.1791
Train: [67][0/26]	loss 0.3309
Train: [67][10/26]	loss 0.2567
Train: [67][20/26]	loss 0.2510
VALIDATE
Epoch: 67 Loss: 0.1884
Train: [68][0/26]	loss 0.9404
Train: [68][10/26]	loss 0.2326
Train: [68][20/26]	loss 0.4242
VALIDATE
Epoch: 68 Loss: 0.1733
Train: [69][0/26]	loss 0.3185
Train: [69][10/26]	loss 0.1894
Train: [69][20/26]	loss 0.5819
VALIDATE
Epoch: 69 Loss: 0.1821
Train: [70][0/26]	loss 0.5884
Train: [70][10/26]	loss 0.4617
Train: [70][20/26]	loss 0.1876
VALIDATE
Epoch: 70 Loss: 0.1698
Train: [71][0/26]	loss 0.3006
Train: [71][10/26]	loss 0.3748
Train: [71][20/26]	loss 0.3689
VALIDATE
Epoch: 71 Loss: 0.1736
Train: [72][0/26]	loss 0.1812
Train: [72][10/26]	loss 0.1455
Train: [72][20/26]	loss 0.1683
VALIDATE
Epoch: 72 Loss: 0.1714
Train: [73][0/26]	loss 0.2267
Train: [73][10/26]	loss 0.3306
Train: [73][20/26]	loss 0.5372
VALIDATE
Epoch: 73 Loss: 0.1757
Train: [74][0/26]	loss 0.2221
Train: [74][10/26]	loss 0.3198
Train: [74][20/26]	loss 0.1737
VALIDATE
Epoch: 74 Loss: 0.1695
Train: [75][0/26]	loss 0.2150
Train: [75][10/26]	loss 0.5559
Train: [75][20/26]	loss 0.2223
VALIDATE
Epoch: 75 Loss: 0.1720
Train: [76][0/26]	loss 0.8768
Train: [76][10/26]	loss 0.3710
Train: [76][20/26]	loss 0.1194
VALIDATE
Epoch: 76 Loss: 0.1716
Train: [77][0/26]	loss 0.3246
Train: [77][10/26]	loss 0.1475
Train: [77][20/26]	loss 0.3633
VALIDATE
Epoch: 77 Loss: 0.1742
Train: [78][0/26]	loss 0.3355
Train: [78][10/26]	loss 0.2136
Train: [78][20/26]	loss 0.1701
VALIDATE
Epoch: 78 Loss: 0.1762
Train: [79][0/26]	loss 0.2521
Train: [79][10/26]	loss 0.2647
Train: [79][20/26]	loss 0.4940
VALIDATE
Epoch: 79 Loss: 0.1728
Train: [80][0/26]	loss 0.2072
Train: [80][10/26]	loss 0.3766
Train: [80][20/26]	loss 0.2291
VALIDATE
Epoch: 80 Loss: 0.1787
Train: [81][0/26]	loss 0.4411
Train: [81][10/26]	loss 0.2901
Train: [81][20/26]	loss 0.4248
VALIDATE
Epoch: 81 Loss: 0.1714
Train: [82][0/26]	loss 0.1299
Train: [82][10/26]	loss 0.2844
Train: [82][20/26]	loss 0.9331
VALIDATE
Epoch: 82 Loss: 0.1786
Train: [83][0/26]	loss 0.2101
Train: [83][10/26]	loss 0.2527
Train: [83][20/26]	loss 0.1639
VALIDATE
Epoch: 83 Loss: 0.1639
Train: [84][0/26]	loss 0.2150
Train: [84][10/26]	loss 0.1781
Train: [84][20/26]	loss 0.1905
VALIDATE
Epoch: 84 Loss: 0.1841
Train: [85][0/26]	loss 0.3204
Train: [85][10/26]	loss 0.4460
Train: [85][20/26]	loss 0.2366
VALIDATE
Epoch: 85 Loss: 0.1729
Train: [86][0/26]	loss 0.6207
Train: [86][10/26]	loss 0.7697
Train: [86][20/26]	loss 0.2523
VALIDATE
Epoch: 86 Loss: 0.1730
Train: [87][0/26]	loss 0.2680
Train: [87][10/26]	loss 0.1385
Train: [87][20/26]	loss 0.5338
VALIDATE
Epoch: 87 Loss: 0.1751
Train: [88][0/26]	loss 0.5360
Train: [88][10/26]	loss 0.8634
Train: [88][20/26]	loss 0.4428
VALIDATE
Epoch: 88 Loss: 0.1806
Train: [89][0/26]	loss 0.4826
Train: [89][10/26]	loss 0.5093
Train: [89][20/26]	loss 0.3376
VALIDATE
Epoch: 89 Loss: 0.1791
Train: [90][0/26]	loss 0.1586
Train: [90][10/26]	loss 0.3590
Train: [90][20/26]	loss 0.1692
VALIDATE
Epoch: 90 Loss: 0.1720
Train: [91][0/26]	loss 0.3150
Train: [91][10/26]	loss 0.4210
Train: [91][20/26]	loss 0.3673
VALIDATE
Epoch: 91 Loss: 0.1736
Train: [92][0/26]	loss 0.2475
Train: [92][10/26]	loss 0.5296
Train: [92][20/26]	loss 0.4331
VALIDATE
Epoch: 92 Loss: 0.1774
Train: [93][0/26]	loss 0.1737
Train: [93][10/26]	loss 0.3211
Train: [93][20/26]	loss 0.2803
VALIDATE
Epoch: 93 Loss: 0.1768
Train: [94][0/26]	loss 0.2653
Train: [94][10/26]	loss 0.6242
Train: [94][20/26]	loss 0.2496
VALIDATE
Epoch: 94 Loss: 0.1773
Train: [95][0/26]	loss 0.1634
Train: [95][10/26]	loss 0.3042
Train: [95][20/26]	loss 0.6612
VALIDATE
Epoch: 95 Loss: 0.1850
Train: [96][0/26]	loss 0.3042
Train: [96][10/26]	loss 0.2780
Train: [96][20/26]	loss 0.2233
VALIDATE
Epoch: 96 Loss: 0.1752
Train: [97][0/26]	loss 0.8392
Train: [97][10/26]	loss 0.2364
Train: [97][20/26]	loss 0.4246
VALIDATE
Epoch: 97 Loss: 0.1705
Train: [98][0/26]	loss 0.5444
Train: [98][10/26]	loss 0.2588
Train: [98][20/26]	loss 0.3324
VALIDATE
Epoch: 98 Loss: 0.1706
Train: [99][0/26]	loss 0.0966
Train: [99][10/26]	loss 0.1529
Train: [99][20/26]	loss 0.4513
VALIDATE
Epoch: 99 Loss: 0.1741
Train: [100][0/26]	loss 0.4984
Train: [100][10/26]	loss 0.2114
Train: [100][20/26]	loss 0.3365
VALIDATE
Epoch: 100 Loss: 0.1758
Train: [101][0/26]	loss 0.5661
Train: [101][10/26]	loss 0.2496
Train: [101][20/26]	loss 0.6000
VALIDATE
Epoch: 101 Loss: 0.1795
Train: [102][0/26]	loss 0.2364
Train: [102][10/26]	loss 0.4035
Train: [102][20/26]	loss 0.3709
VALIDATE
Epoch: 102 Loss: 0.1772
Train: [103][0/26]	loss 0.3566
Train: [103][10/26]	loss 0.2654
Train: [103][20/26]	loss 0.1957
VALIDATE
Epoch: 103 Loss: 0.1746
Train: [104][0/26]	loss 0.1978
Train: [104][10/26]	loss 0.5411
Train: [104][20/26]	loss 0.2765
VALIDATE
Epoch: 104 Loss: 0.1770
Train: [105][0/26]	loss 0.6099
Train: [105][10/26]	loss 0.2172
Train: [105][20/26]	loss 0.4252
VALIDATE
Epoch: 105 Loss: 0.1714
Train: [106][0/26]	loss 0.1842
Train: [106][10/26]	loss 0.3311
Train: [106][20/26]	loss 0.2546
VALIDATE
Epoch: 106 Loss: 0.1792
Train: [107][0/26]	loss 0.2615
Train: [107][10/26]	loss 0.2082
Train: [107][20/26]	loss 0.1246
VALIDATE
Epoch: 107 Loss: 0.1757
Train: [108][0/26]	loss 0.1485
Train: [108][10/26]	loss 0.3966
Train: [108][20/26]	loss 0.5353
VALIDATE
Epoch: 108 Loss: 0.1704
Train: [109][0/26]	loss 0.3438
Train: [109][10/26]	loss 0.5227
Train: [109][20/26]	loss 0.2606
VALIDATE
Epoch: 109 Loss: 0.1718
Train: [110][0/26]	loss 0.2232
Train: [110][10/26]	loss 0.3424
Train: [110][20/26]	loss 0.2750
VALIDATE
Epoch: 110 Loss: 0.1711
Train: [111][0/26]	loss 0.2122
Train: [111][10/26]	loss 0.1579
Train: [111][20/26]	loss 0.2031
VALIDATE
Epoch: 111 Loss: 0.1829
Train: [112][0/26]	loss 0.1206
Train: [112][10/26]	loss 0.1346
Train: [112][20/26]	loss 0.2682
VALIDATE
Epoch: 112 Loss: 0.1770
Train: [113][0/26]	loss 0.1309
Train: [113][10/26]	loss 0.4321
Train: [113][20/26]	loss 0.3882
VALIDATE
Epoch: 113 Loss: 0.1785
Train: [114][0/26]	loss 0.2551
Train: [114][10/26]	loss 0.6583
Train: [114][20/26]	loss 0.2542
VALIDATE
Epoch: 114 Loss: 0.1768
Train: [115][0/26]	loss 0.5894
Train: [115][10/26]	loss 0.2921
Train: [115][20/26]	loss 0.3638
VALIDATE
Epoch: 115 Loss: 0.1674
Train: [116][0/26]	loss 0.1236
Train: [116][10/26]	loss 0.4343
Train: [116][20/26]	loss 0.2276
VALIDATE
Epoch: 116 Loss: 0.1650
Train: [117][0/26]	loss 0.2266
Train: [117][10/26]	loss 0.2318
Train: [117][20/26]	loss 0.5634
VALIDATE
Epoch: 117 Loss: 0.1792
Train: [118][0/26]	loss 0.2486
Train: [118][10/26]	loss 0.5392
Train: [118][20/26]	loss 0.2238
VALIDATE
Epoch: 118 Loss: 0.1678
Train: [119][0/26]	loss 0.4146
Train: [119][10/26]	loss 0.3397
Train: [119][20/26]	loss 0.6670
VALIDATE
Epoch: 119 Loss: 0.1705
Test
dataset length: 20
(20, 224, 224) (20, 224, 224)
finish saving file: patient_014
dataset length: 18
(18, 224, 224) (18, 224, 224)
finish saving file: patient_060
dataset length: 18
(18, 224, 224) (18, 224, 224)
finish saving file: patient_044
dataset length: 16
(16, 224, 224) (16, 224, 224)
finish saving file: patient_036
dataset length: 20
(20, 224, 224) (20, 224, 224)
finish saving file: patient_003
dataset length: 16
(16, 224, 224) (16, 224, 224)
finish saving file: patient_100
dataset length: 16
(16, 224, 224) (16, 224, 224)
finish saving file: patient_065
dataset length: 20
(20, 224, 224) (20, 224, 224)
finish saving file: patient_013
dataset length: 16
(16, 224, 224) (16, 224, 224)
finish saving file: patient_038
dataset length: 20
(20, 224, 224) (20, 224, 224)
finish saving file: patient_093
dataset length: 24
(24, 224, 224) (24, 224, 224)
finish saving file: patient_043
dataset length: 32
(32, 224, 224) (32, 224, 224)
finish saving file: patient_082
dataset length: 20
(20, 224, 224) (20, 224, 224)
finish saving file: patient_031
dataset length: 20
(20, 224, 224) (20, 224, 224)
finish saving file: patient_005
dataset length: 20
/home/kl321/miniconda3/envs/medsam/lib/python3.10/site-packages/numpy/core/fromnumeric.py:3504: RuntimeWarning: Mean of empty slice.
  return _methods._mean(a, axis=axis, dtype=dtype,
/home/kl321/miniconda3/envs/medsam/lib/python3.10/site-packages/numpy/core/_methods.py:129: RuntimeWarning: invalid value encountered in scalar divide
  ret = ret.dtype.type(ret / rcount)
(20, 224, 224) (20, 224, 224)
finish saving file: patient_016
patient_003.nii
patient_003.nii
patient_005.nii
patient_005.nii
patient_013.nii
patient_013.nii
patient_014.nii
patient_014.nii
patient_016.nii
patient_016.nii
patient_031.nii
patient_031.nii
patient_036.nii
patient_036.nii
patient_038.nii
patient_038.nii
patient_043.nii
patient_043.nii
patient_044.nii
patient_044.nii
patient_060.nii
patient_060.nii
patient_065.nii
patient_065.nii
patient_082.nii
patient_082.nii
patient_093.nii
patient_093.nii
patient_100.nii
patient_100.nii
done
********************
patient_003.nii
********************
patient_003.nii
Dice_rv: 0.8333
Dice_myo: 0.8136
Dice_lv: 0.9453
********************
********************
patient_005.nii
********************
patient_005.nii
Dice_rv: 0.7197
Dice_myo: 0.8162
Dice_lv: 0.8981
********************
********************
patient_013.nii
********************
patient_013.nii
Dice_rv: 0.7477
Dice_myo: 0.8511
Dice_lv: 0.9560
********************
********************
patient_014.nii
********************
patient_014.nii
Dice_rv: 0.8234
Dice_myo: 0.7535
Dice_lv: 0.8853
********************
********************
patient_016.nii
********************
patient_016.nii
Dice_rv: 0.6721
Dice_myo: 0.8135
Dice_lv: 0.9609
********************
********************
patient_031.nii
********************
patient_031.nii
Dice_rv: 0.7199
Dice_myo: 0.8196
Dice_lv: 0.9294
********************
********************
patient_036.nii
********************
patient_036.nii
Dice_rv: 0.5057
Dice_myo: 0.8263
Dice_lv: 0.9182
********************
********************
patient_038.nii
********************
patient_038.nii
Dice_rv: 0.4797
Dice_myo: 0.7444
Dice_lv: 0.9057
********************
********************
patient_043.nii
********************
patient_043.nii
Dice_rv: 0.7569
Dice_myo: 0.7250
Dice_lv: 0.9307
********************
********************
patient_044.nii
********************
patient_044.nii
Dice_rv: 0.5759
Dice_myo: 0.7860
Dice_lv: 0.9050
********************
********************
patient_060.nii
********************
patient_060.nii
Dice_rv: 0.2538
Dice_myo: 0.7640
Dice_lv: 0.9336
********************
********************
patient_065.nii
********************
patient_065.nii
Dice_rv: 0.4919
Dice_myo: 0.6569
Dice_lv: 0.7909
********************
********************
patient_082.nii
********************
patient_082.nii
Dice_rv: 0.8597
Dice_myo: 0.8169
Dice_lv: 0.9168
********************
********************
patient_093.nii
********************
patient_093.nii
Dice_rv: 0.7437
Dice_myo: 0.7019
Dice_lv: 0.8526
********************
********************
patient_100.nii
********************
patient_100.nii
Dice_rv: 0.6588
Dice_myo: 0.6830
Dice_lv: 0.7824
********************
********************
Mean_Dice
Dice_rv0.656157187393453
Dice_myo0.7714714897115226
Dice_lv0.9007314840194821
Mean_HD
********************
avg_hd:nan
DSC:0.7761200537081526
HD:nan
