/home/kl321/AutoSAM/scripts/main_autosam_seg.py:116: UserWarning: You have chosen a specific GPU. This will completely disable data parallelism.
  warnings.warn('You have chosen a specific GPU. This will completely '
Use GPU: 0 for training
loaded keys: dict_keys(['image_encoder.neck.0.weight', 'image_encoder.neck.1.weight', 'image_encoder.neck.1.bias', 'image_encoder.neck.2.weight', 'image_encoder.neck.3.weight', 'image_encoder.neck.3.bias', 'image_encoder.patch_embed.proj.weight', 'image_encoder.patch_embed.proj.bias', 'image_encoder.blocks.0.norm1.weight', 'image_encoder.blocks.0.norm1.bias', 'image_encoder.blocks.0.attn.rel_pos_h', 'image_encoder.blocks.0.attn.rel_pos_w', 'image_encoder.blocks.0.attn.qkv.weight', 'image_encoder.blocks.0.attn.qkv.bias', 'image_encoder.blocks.0.attn.proj.weight', 'image_encoder.blocks.0.attn.proj.bias', 'image_encoder.blocks.0.norm2.weight', 'image_encoder.blocks.0.norm2.bias', 'image_encoder.blocks.0.mlp.lin1.weight', 'image_encoder.blocks.0.mlp.lin1.bias', 'image_encoder.blocks.0.mlp.lin2.weight', 'image_encoder.blocks.0.mlp.lin2.bias', 'image_encoder.blocks.1.norm1.weight', 'image_encoder.blocks.1.norm1.bias', 'image_encoder.blocks.1.attn.rel_pos_h', 'image_encoder.blocks.1.attn.rel_pos_w', 'image_encoder.blocks.1.attn.qkv.weight', 'image_encoder.blocks.1.attn.qkv.bias', 'image_encoder.blocks.1.attn.proj.weight', 'image_encoder.blocks.1.attn.proj.bias', 'image_encoder.blocks.1.norm2.weight', 'image_encoder.blocks.1.norm2.bias', 'image_encoder.blocks.1.mlp.lin1.weight', 'image_encoder.blocks.1.mlp.lin1.bias', 'image_encoder.blocks.1.mlp.lin2.weight', 'image_encoder.blocks.1.mlp.lin2.bias', 'image_encoder.blocks.2.norm1.weight', 'image_encoder.blocks.2.norm1.bias', 'image_encoder.blocks.2.attn.rel_pos_h', 'image_encoder.blocks.2.attn.rel_pos_w', 'image_encoder.blocks.2.attn.qkv.weight', 'image_encoder.blocks.2.attn.qkv.bias', 'image_encoder.blocks.2.attn.proj.weight', 'image_encoder.blocks.2.attn.proj.bias', 'image_encoder.blocks.2.norm2.weight', 'image_encoder.blocks.2.norm2.bias', 'image_encoder.blocks.2.mlp.lin1.weight', 'image_encoder.blocks.2.mlp.lin1.bias', 'image_encoder.blocks.2.mlp.lin2.weight', 'image_encoder.blocks.2.mlp.lin2.bias', 'image_encoder.blocks.3.norm1.weight', 'image_encoder.blocks.3.norm1.bias', 'image_encoder.blocks.3.attn.rel_pos_h', 'image_encoder.blocks.3.attn.rel_pos_w', 'image_encoder.blocks.3.attn.qkv.weight', 'image_encoder.blocks.3.attn.qkv.bias', 'image_encoder.blocks.3.attn.proj.weight', 'image_encoder.blocks.3.attn.proj.bias', 'image_encoder.blocks.3.norm2.weight', 'image_encoder.blocks.3.norm2.bias', 'image_encoder.blocks.3.mlp.lin1.weight', 'image_encoder.blocks.3.mlp.lin1.bias', 'image_encoder.blocks.3.mlp.lin2.weight', 'image_encoder.blocks.3.mlp.lin2.bias', 'image_encoder.blocks.4.norm1.weight', 'image_encoder.blocks.4.norm1.bias', 'image_encoder.blocks.4.attn.rel_pos_h', 'image_encoder.blocks.4.attn.rel_pos_w', 'image_encoder.blocks.4.attn.qkv.weight', 'image_encoder.blocks.4.attn.qkv.bias', 'image_encoder.blocks.4.attn.proj.weight', 'image_encoder.blocks.4.attn.proj.bias', 'image_encoder.blocks.4.norm2.weight', 'image_encoder.blocks.4.norm2.bias', 'image_encoder.blocks.4.mlp.lin1.weight', 'image_encoder.blocks.4.mlp.lin1.bias', 'image_encoder.blocks.4.mlp.lin2.weight', 'image_encoder.blocks.4.mlp.lin2.bias', 'image_encoder.blocks.5.norm1.weight', 'image_encoder.blocks.5.norm1.bias', 'image_encoder.blocks.5.attn.rel_pos_h', 'image_encoder.blocks.5.attn.rel_pos_w', 'image_encoder.blocks.5.attn.qkv.weight', 'image_encoder.blocks.5.attn.qkv.bias', 'image_encoder.blocks.5.attn.proj.weight', 'image_encoder.blocks.5.attn.proj.bias', 'image_encoder.blocks.5.norm2.weight', 'image_encoder.blocks.5.norm2.bias', 'image_encoder.blocks.5.mlp.lin1.weight', 'image_encoder.blocks.5.mlp.lin1.bias', 'image_encoder.blocks.5.mlp.lin2.weight', 'image_encoder.blocks.5.mlp.lin2.bias', 'image_encoder.blocks.6.norm1.weight', 'image_encoder.blocks.6.norm1.bias', 'image_encoder.blocks.6.attn.rel_pos_h', 'image_encoder.blocks.6.attn.rel_pos_w', 'image_encoder.blocks.6.attn.qkv.weight', 'image_encoder.blocks.6.attn.qkv.bias', 'image_encoder.blocks.6.attn.proj.weight', 'image_encoder.blocks.6.attn.proj.bias', 'image_encoder.blocks.6.norm2.weight', 'image_encoder.blocks.6.norm2.bias', 'image_encoder.blocks.6.mlp.lin1.weight', 'image_encoder.blocks.6.mlp.lin1.bias', 'image_encoder.blocks.6.mlp.lin2.weight', 'image_encoder.blocks.6.mlp.lin2.bias', 'image_encoder.blocks.7.norm1.weight', 'image_encoder.blocks.7.norm1.bias', 'image_encoder.blocks.7.attn.rel_pos_h', 'image_encoder.blocks.7.attn.rel_pos_w', 'image_encoder.blocks.7.attn.qkv.weight', 'image_encoder.blocks.7.attn.qkv.bias', 'image_encoder.blocks.7.attn.proj.weight', 'image_encoder.blocks.7.attn.proj.bias', 'image_encoder.blocks.7.norm2.weight', 'image_encoder.blocks.7.norm2.bias', 'image_encoder.blocks.7.mlp.lin1.weight', 'image_encoder.blocks.7.mlp.lin1.bias', 'image_encoder.blocks.7.mlp.lin2.weight', 'image_encoder.blocks.7.mlp.lin2.bias', 'image_encoder.blocks.8.norm1.weight', 'image_encoder.blocks.8.norm1.bias', 'image_encoder.blocks.8.attn.rel_pos_h', 'image_encoder.blocks.8.attn.rel_pos_w', 'image_encoder.blocks.8.attn.qkv.weight', 'image_encoder.blocks.8.attn.qkv.bias', 'image_encoder.blocks.8.attn.proj.weight', 'image_encoder.blocks.8.attn.proj.bias', 'image_encoder.blocks.8.norm2.weight', 'image_encoder.blocks.8.norm2.bias', 'image_encoder.blocks.8.mlp.lin1.weight', 'image_encoder.blocks.8.mlp.lin1.bias', 'image_encoder.blocks.8.mlp.lin2.weight', 'image_encoder.blocks.8.mlp.lin2.bias', 'image_encoder.blocks.9.norm1.weight', 'image_encoder.blocks.9.norm1.bias', 'image_encoder.blocks.9.attn.rel_pos_h', 'image_encoder.blocks.9.attn.rel_pos_w', 'image_encoder.blocks.9.attn.qkv.weight', 'image_encoder.blocks.9.attn.qkv.bias', 'image_encoder.blocks.9.attn.proj.weight', 'image_encoder.blocks.9.attn.proj.bias', 'image_encoder.blocks.9.norm2.weight', 'image_encoder.blocks.9.norm2.bias', 'image_encoder.blocks.9.mlp.lin1.weight', 'image_encoder.blocks.9.mlp.lin1.bias', 'image_encoder.blocks.9.mlp.lin2.weight', 'image_encoder.blocks.9.mlp.lin2.bias', 'image_encoder.blocks.10.norm1.weight', 'image_encoder.blocks.10.norm1.bias', 'image_encoder.blocks.10.attn.rel_pos_h', 'image_encoder.blocks.10.attn.rel_pos_w', 'image_encoder.blocks.10.attn.qkv.weight', 'image_encoder.blocks.10.attn.qkv.bias', 'image_encoder.blocks.10.attn.proj.weight', 'image_encoder.blocks.10.attn.proj.bias', 'image_encoder.blocks.10.norm2.weight', 'image_encoder.blocks.10.norm2.bias', 'image_encoder.blocks.10.mlp.lin1.weight', 'image_encoder.blocks.10.mlp.lin1.bias', 'image_encoder.blocks.10.mlp.lin2.weight', 'image_encoder.blocks.10.mlp.lin2.bias', 'image_encoder.blocks.11.norm1.weight', 'image_encoder.blocks.11.norm1.bias', 'image_encoder.blocks.11.attn.rel_pos_h', 'image_encoder.blocks.11.attn.rel_pos_w', 'image_encoder.blocks.11.attn.qkv.weight', 'image_encoder.blocks.11.attn.qkv.bias', 'image_encoder.blocks.11.attn.proj.weight', 'image_encoder.blocks.11.attn.proj.bias', 'image_encoder.blocks.11.norm2.weight', 'image_encoder.blocks.11.norm2.bias', 'image_encoder.blocks.11.mlp.lin1.weight', 'image_encoder.blocks.11.mlp.lin1.bias', 'image_encoder.blocks.11.mlp.lin2.weight', 'image_encoder.blocks.11.mlp.lin2.bias', 'mask_decoder.transformer.layers.0.self_attn.q_proj.weight', 'mask_decoder.transformer.layers.0.self_attn.q_proj.bias', 'mask_decoder.transformer.layers.0.self_attn.k_proj.weight', 'mask_decoder.transformer.layers.0.self_attn.k_proj.bias', 'mask_decoder.transformer.layers.0.self_attn.v_proj.weight', 'mask_decoder.transformer.layers.0.self_attn.v_proj.bias', 'mask_decoder.transformer.layers.0.self_attn.out_proj.weight', 'mask_decoder.transformer.layers.0.self_attn.out_proj.bias', 'mask_decoder.transformer.layers.0.norm1.weight', 'mask_decoder.transformer.layers.0.norm1.bias', 'mask_decoder.transformer.layers.0.cross_attn_token_to_image.q_proj.weight', 'mask_decoder.transformer.layers.0.cross_attn_token_to_image.q_proj.bias', 'mask_decoder.transformer.layers.0.cross_attn_token_to_image.k_proj.weight', 'mask_decoder.transformer.layers.0.cross_attn_token_to_image.k_proj.bias', 'mask_decoder.transformer.layers.0.cross_attn_token_to_image.v_proj.weight', 'mask_decoder.transformer.layers.0.cross_attn_token_to_image.v_proj.bias', 'mask_decoder.transformer.layers.0.cross_attn_token_to_image.out_proj.weight', 'mask_decoder.transformer.layers.0.cross_attn_token_to_image.out_proj.bias', 'mask_decoder.transformer.layers.0.norm2.weight', 'mask_decoder.transformer.layers.0.norm2.bias', 'mask_decoder.transformer.layers.0.mlp.lin1.weight', 'mask_decoder.transformer.layers.0.mlp.lin1.bias', 'mask_decoder.transformer.layers.0.mlp.lin2.weight', 'mask_decoder.transformer.layers.0.mlp.lin2.bias', 'mask_decoder.transformer.layers.0.norm3.weight', 'mask_decoder.transformer.layers.0.norm3.bias', 'mask_decoder.transformer.layers.0.norm4.weight', 'mask_decoder.transformer.layers.0.norm4.bias', 'mask_decoder.transformer.layers.0.cross_attn_image_to_token.q_proj.weight', 'mask_decoder.transformer.layers.0.cross_attn_image_to_token.q_proj.bias', 'mask_decoder.transformer.layers.0.cross_attn_image_to_token.k_proj.weight', 'mask_decoder.transformer.layers.0.cross_attn_image_to_token.k_proj.bias', 'mask_decoder.transformer.layers.0.cross_attn_image_to_token.v_proj.weight', 'mask_decoder.transformer.layers.0.cross_attn_image_to_token.v_proj.bias', 'mask_decoder.transformer.layers.0.cross_attn_image_to_token.out_proj.weight', 'mask_decoder.transformer.layers.0.cross_attn_image_to_token.out_proj.bias', 'mask_decoder.transformer.layers.1.self_attn.q_proj.weight', 'mask_decoder.transformer.layers.1.self_attn.q_proj.bias', 'mask_decoder.transformer.layers.1.self_attn.k_proj.weight', 'mask_decoder.transformer.layers.1.self_attn.k_proj.bias', 'mask_decoder.transformer.layers.1.self_attn.v_proj.weight', 'mask_decoder.transformer.layers.1.self_attn.v_proj.bias', 'mask_decoder.transformer.layers.1.self_attn.out_proj.weight', 'mask_decoder.transformer.layers.1.self_attn.out_proj.bias', 'mask_decoder.transformer.layers.1.norm1.weight', 'mask_decoder.transformer.layers.1.norm1.bias', 'mask_decoder.transformer.layers.1.cross_attn_token_to_image.q_proj.weight', 'mask_decoder.transformer.layers.1.cross_attn_token_to_image.q_proj.bias', 'mask_decoder.transformer.layers.1.cross_attn_token_to_image.k_proj.weight', 'mask_decoder.transformer.layers.1.cross_attn_token_to_image.k_proj.bias', 'mask_decoder.transformer.layers.1.cross_attn_token_to_image.v_proj.weight', 'mask_decoder.transformer.layers.1.cross_attn_token_to_image.v_proj.bias', 'mask_decoder.transformer.layers.1.cross_attn_token_to_image.out_proj.weight', 'mask_decoder.transformer.layers.1.cross_attn_token_to_image.out_proj.bias', 'mask_decoder.transformer.layers.1.norm2.weight', 'mask_decoder.transformer.layers.1.norm2.bias', 'mask_decoder.transformer.layers.1.mlp.lin1.weight', 'mask_decoder.transformer.layers.1.mlp.lin1.bias', 'mask_decoder.transformer.layers.1.mlp.lin2.weight', 'mask_decoder.transformer.layers.1.mlp.lin2.bias', 'mask_decoder.transformer.layers.1.norm3.weight', 'mask_decoder.transformer.layers.1.norm3.bias', 'mask_decoder.transformer.layers.1.norm4.weight', 'mask_decoder.transformer.layers.1.norm4.bias', 'mask_decoder.transformer.layers.1.cross_attn_image_to_token.q_proj.weight', 'mask_decoder.transformer.layers.1.cross_attn_image_to_token.q_proj.bias', 'mask_decoder.transformer.layers.1.cross_attn_image_to_token.k_proj.weight', 'mask_decoder.transformer.layers.1.cross_attn_image_to_token.k_proj.bias', 'mask_decoder.transformer.layers.1.cross_attn_image_to_token.v_proj.weight', 'mask_decoder.transformer.layers.1.cross_attn_image_to_token.v_proj.bias', 'mask_decoder.transformer.layers.1.cross_attn_image_to_token.out_proj.weight', 'mask_decoder.transformer.layers.1.cross_attn_image_to_token.out_proj.bias', 'mask_decoder.transformer.final_attn_token_to_image.q_proj.weight', 'mask_decoder.transformer.final_attn_token_to_image.q_proj.bias', 'mask_decoder.transformer.final_attn_token_to_image.k_proj.weight', 'mask_decoder.transformer.final_attn_token_to_image.k_proj.bias', 'mask_decoder.transformer.final_attn_token_to_image.v_proj.weight', 'mask_decoder.transformer.final_attn_token_to_image.v_proj.bias', 'mask_decoder.transformer.final_attn_token_to_image.out_proj.weight', 'mask_decoder.transformer.final_attn_token_to_image.out_proj.bias', 'mask_decoder.transformer.norm_final_attn.weight', 'mask_decoder.transformer.norm_final_attn.bias', 'mask_decoder.output_upscaling.0.weight', 'mask_decoder.output_upscaling.0.bias', 'mask_decoder.output_upscaling.1.weight', 'mask_decoder.output_upscaling.1.bias', 'mask_decoder.output_upscaling.3.weight', 'mask_decoder.output_upscaling.3.bias', 'mask_decoder.output_hypernetworks_mlps.0.layers.0.weight', 'mask_decoder.output_hypernetworks_mlps.0.layers.0.bias', 'mask_decoder.output_hypernetworks_mlps.0.layers.1.weight', 'mask_decoder.output_hypernetworks_mlps.0.layers.1.bias', 'mask_decoder.output_hypernetworks_mlps.0.layers.2.weight', 'mask_decoder.output_hypernetworks_mlps.0.layers.2.bias', 'mask_decoder.output_hypernetworks_mlps.1.layers.0.weight', 'mask_decoder.output_hypernetworks_mlps.1.layers.0.bias', 'mask_decoder.output_hypernetworks_mlps.1.layers.1.weight', 'mask_decoder.output_hypernetworks_mlps.1.layers.1.bias', 'mask_decoder.output_hypernetworks_mlps.1.layers.2.weight', 'mask_decoder.output_hypernetworks_mlps.1.layers.2.bias', 'image_encoder.pos_embed'])
['patient_035', 'patient_083', 'patient_010', 'patient_086', 'patient_088']
['patient_057', 'patient_028', 'patient_087', 'patient_061', 'patient_032', 'patient_011', 'patient_078', 'patient_009', 'patient_068', 'patient_021', 'patient_079', 'patient_004', 'patient_089', 'patient_023', 'patient_070']
['patient_014', 'patient_060', 'patient_044', 'patient_036', 'patient_003', 'patient_100', 'patient_065', 'patient_013', 'patient_038', 'patient_093', 'patient_043', 'patient_082', 'patient_031', 'patient_005', 'patient_016']
dataset length: 104
dataset length: 258
dataset length: 296
output_experiment/vit120_5
Train: [0][0/26]	loss 1.9854
Train: [0][10/26]	loss 1.2512
Train: [0][20/26]	loss 0.8639
Validating: Epoch:  0 Loss: 0.6361 IoU_pred: -0.3933
Train: [1][0/26]	loss 0.7029
Train: [1][10/26]	loss 1.0658
Train: [1][20/26]	loss 0.6490
Validating: Epoch:  1 Loss: 0.5151 IoU_pred: -0.3984
Train: [2][0/26]	loss 0.5493
Train: [2][10/26]	loss 1.1099
Train: [2][20/26]	loss 0.6058
Validating: Epoch:  2 Loss: 0.5048 IoU_pred: -0.3292
Train: [3][0/26]	loss 0.4610
Train: [3][10/26]	loss 0.7065
Train: [3][20/26]	loss 0.7411
Validating: Epoch:  3 Loss: 0.4582 IoU_pred: -0.3316
Train: [4][0/26]	loss 0.7119
Train: [4][10/26]	loss 0.3409
Train: [4][20/26]	loss 0.5643
Validating: Epoch:  4 Loss: 0.4418 IoU_pred: -0.3292
Train: [5][0/26]	loss 0.3258
Train: [5][10/26]	loss 0.8929
Train: [5][20/26]	loss 0.5494
Validating: Epoch:  5 Loss: 0.3996 IoU_pred: -0.3359
Train: [6][0/26]	loss 0.3850
Train: [6][10/26]	loss 0.6460
Train: [6][20/26]	loss 0.4342
Validating: Epoch:  6 Loss: 0.4074 IoU_pred: -0.3381
Train: [7][0/26]	loss 0.5383
Train: [7][10/26]	loss 0.4778
Train: [7][20/26]	loss 0.5534
Validating: Epoch:  7 Loss: 0.3886 IoU_pred: -0.3223
Train: [8][0/26]	loss 0.7557
Train: [8][10/26]	loss 0.4294
Train: [8][20/26]	loss 0.4929
Validating: Epoch:  8 Loss: 0.3438 IoU_pred: -0.3400
Train: [9][0/26]	loss 0.3218
Train: [9][10/26]	loss 0.5460
Train: [9][20/26]	loss 0.4849
Validating: Epoch:  9 Loss: 0.3919 IoU_pred: -0.3440
Train: [10][0/26]	loss 0.5576
Train: [10][10/26]	loss 0.2619
Train: [10][20/26]	loss 0.7046
Validating: Epoch: 10 Loss: 0.3634 IoU_pred: -0.3476
Train: [11][0/26]	loss 0.5513
Train: [11][10/26]	loss 0.6827
Train: [11][20/26]	loss 0.2866
Validating: Epoch: 11 Loss: 0.3660 IoU_pred: -0.2988
Train: [12][0/26]	loss 0.5331
Train: [12][10/26]	loss 0.3118
Train: [12][20/26]	loss 0.2716
Validating: Epoch: 12 Loss: 0.3848 IoU_pred: -0.2846
Train: [13][0/26]	loss 0.3112
Train: [13][10/26]	loss 0.3957
Train: [13][20/26]	loss 0.3340
Validating: Epoch: 13 Loss: 0.3226 IoU_pred: -0.2893
Train: [14][0/26]	loss 0.4118
Train: [14][10/26]	loss 0.4968
Train: [14][20/26]	loss 0.4080
Validating: Epoch: 14 Loss: 0.3690 IoU_pred: -0.3155
Train: [15][0/26]	loss 0.2817
Train: [15][10/26]	loss 0.4826
Train: [15][20/26]	loss 0.3609
Validating: Epoch: 15 Loss: 0.3512 IoU_pred: -0.2802
Train: [16][0/26]	loss 0.3046
Train: [16][10/26]	loss 0.2343
Train: [16][20/26]	loss 0.3857
Validating: Epoch: 16 Loss: 0.3309 IoU_pred: -0.2931
Train: [17][0/26]	loss 0.2649
Train: [17][10/26]	loss 0.3023
Train: [17][20/26]	loss 0.3332
Validating: Epoch: 17 Loss: 0.3272 IoU_pred: -0.3208
Train: [18][0/26]	loss 0.4897
Train: [18][10/26]	loss 0.2407
Train: [18][20/26]	loss 0.4342
Validating: Epoch: 18 Loss: 0.3248 IoU_pred: -0.3282
Train: [19][0/26]	loss 0.4097
Train: [19][10/26]	loss 0.3677
Train: [19][20/26]	loss 0.4308
Validating: Epoch: 19 Loss: 0.3331 IoU_pred: -0.2919
Train: [20][0/26]	loss 0.2176
Train: [20][10/26]	loss 0.4040
Train: [20][20/26]	loss 0.6094
Validating: Epoch: 20 Loss: 0.3485 IoU_pred: -0.2879
Train: [21][0/26]	loss 0.3416
Train: [21][10/26]	loss 0.3939
Train: [21][20/26]	loss 0.6981
Validating: Epoch: 21 Loss: 0.2996 IoU_pred: -0.2991
Train: [22][0/26]	loss 0.1658
Train: [22][10/26]	loss 0.4638
Train: [22][20/26]	loss 0.5098
Validating: Epoch: 22 Loss: 0.3106 IoU_pred: -0.2963
Train: [23][0/26]	loss 0.2177
Train: [23][10/26]	loss 0.6406
Train: [23][20/26]	loss 0.2413
Validating: Epoch: 23 Loss: 0.3032 IoU_pred: -0.2432
Train: [24][0/26]	loss 0.4412
Train: [24][10/26]	loss 0.4358
Train: [24][20/26]	loss 0.1962
Validating: Epoch: 24 Loss: 0.3262 IoU_pred: -0.3194
Train: [25][0/26]	loss 0.2136
Train: [25][10/26]	loss 0.1424
Train: [25][20/26]	loss 0.3086
Validating: Epoch: 25 Loss: 0.3189 IoU_pred: -0.2364
Train: [26][0/26]	loss 0.2467
Train: [26][10/26]	loss 0.2896
Train: [26][20/26]	loss 0.2273
Validating: Epoch: 26 Loss: 0.3330 IoU_pred: -0.2684
Train: [27][0/26]	loss 0.1711
Train: [27][10/26]	loss 0.2791
Train: [27][20/26]	loss 0.2077
Validating: Epoch: 27 Loss: 0.3290 IoU_pred: -0.2838
Train: [28][0/26]	loss 0.3001
Train: [28][10/26]	loss 0.1803
Train: [28][20/26]	loss 0.1833
Validating: Epoch: 28 Loss: 0.3277 IoU_pred: -0.3095
Train: [29][0/26]	loss 0.2178
Train: [29][10/26]	loss 0.2040
Train: [29][20/26]	loss 0.2953
Validating: Epoch: 29 Loss: 0.3350 IoU_pred: -0.2907
Train: [30][0/26]	loss 0.1560
Train: [30][10/26]	loss 0.3505
Train: [30][20/26]	loss 0.1345
Validating: Epoch: 30 Loss: 0.3220 IoU_pred: -0.3049
Train: [31][0/26]	loss 0.1781
Train: [31][10/26]	loss 0.8488
Train: [31][20/26]	loss 0.2192
Validating: Epoch: 31 Loss: 0.3263 IoU_pred: -0.2851
Train: [32][0/26]	loss 0.4302
Train: [32][10/26]	loss 0.1993
Train: [32][20/26]	loss 0.1438
Validating: Epoch: 32 Loss: 0.3308 IoU_pred: -0.3063
Train: [33][0/26]	loss 0.3774
Train: [33][10/26]	loss 0.2399
Train: [33][20/26]	loss 0.3445
Validating: Epoch: 33 Loss: 0.3460 IoU_pred: -0.3044
Train: [34][0/26]	loss 0.4197
Train: [34][10/26]	loss 0.1790
Train: [34][20/26]	loss 0.2973
Validating: Epoch: 34 Loss: 0.3322 IoU_pred: -0.2969
Train: [35][0/26]	loss 0.3508
Train: [35][10/26]	loss 0.5445
Train: [35][20/26]	loss 0.3194
Validating: Epoch: 35 Loss: 0.3162 IoU_pred: -0.3012
Train: [36][0/26]	loss 0.2159
Train: [36][10/26]	loss 0.6865
Train: [36][20/26]	loss 0.1854
Validating: Epoch: 36 Loss: 0.3306 IoU_pred: -0.3152
Train: [37][0/26]	loss 0.1572
Train: [37][10/26]	loss 0.3206
Train: [37][20/26]	loss 0.1432
Validating: Epoch: 37 Loss: 0.3310 IoU_pred: -0.3142
Train: [38][0/26]	loss 0.4399
Train: [38][10/26]	loss 0.3183
Train: [38][20/26]	loss 0.3912
Validating: Epoch: 38 Loss: 0.3385 IoU_pred: -0.3413
Train: [39][0/26]	loss 0.1850
Train: [39][10/26]	loss 0.2324
Train: [39][20/26]	loss 0.1361
Validating: Epoch: 39 Loss: 0.3271 IoU_pred: -0.3374
Train: [40][0/26]	loss 0.1651
Train: [40][10/26]	loss 0.0913
Train: [40][20/26]	loss 0.1728
Validating: Epoch: 40 Loss: 0.3303 IoU_pred: -0.3143
Train: [41][0/26]	loss 0.2773
Train: [41][10/26]	loss 0.3071
Train: [41][20/26]	loss 0.2499
Validating: Epoch: 41 Loss: 0.3258 IoU_pred: -0.3016
Train: [42][0/26]	loss 0.3130
Train: [42][10/26]	loss 0.4385
Train: [42][20/26]	loss 0.6666
Validating: Epoch: 42 Loss: 0.3198 IoU_pred: -0.2962
Train: [43][0/26]	loss 0.2907
Train: [43][10/26]	loss 0.3729
Train: [43][20/26]	loss 0.1354
Validating: Epoch: 43 Loss: 0.3191 IoU_pred: -0.3098
Train: [44][0/26]	loss 0.3660
Train: [44][10/26]	loss 0.2038
Train: [44][20/26]	loss 0.1515
Validating: Epoch: 44 Loss: 0.3135 IoU_pred: -0.3131
Train: [45][0/26]	loss 0.2069
Train: [45][10/26]	loss 0.2592
Train: [45][20/26]	loss 0.2197
Validating: Epoch: 45 Loss: 0.3192 IoU_pred: -0.2992
Train: [46][0/26]	loss 0.3597
Train: [46][10/26]	loss 0.2534
Train: [46][20/26]	loss 0.3788
Validating: Epoch: 46 Loss: 0.3266 IoU_pred: -0.3108
Train: [47][0/26]	loss 0.3025
Train: [47][10/26]	loss 0.3934
Train: [47][20/26]	loss 0.1604
Validating: Epoch: 47 Loss: 0.3197 IoU_pred: -0.2863
Train: [48][0/26]	loss 0.4613
Train: [48][10/26]	loss 0.6429
Train: [48][20/26]	loss 0.2367
Validating: Epoch: 48 Loss: 0.3285 IoU_pred: -0.3168
Train: [49][0/26]	loss 0.5353
Train: [49][10/26]	loss 0.5621
Train: [49][20/26]	loss 0.1091
Validating: Epoch: 49 Loss: 0.3132 IoU_pred: -0.3038
Train: [50][0/26]	loss 0.2128
Train: [50][10/26]	loss 0.1341
Train: [50][20/26]	loss 0.2731
Validating: Epoch: 50 Loss: 0.3187 IoU_pred: -0.3106
Train: [51][0/26]	loss 0.2723
Train: [51][10/26]	loss 0.3876
Train: [51][20/26]	loss 0.3128
Validating: Epoch: 51 Loss: 0.3177 IoU_pred: -0.3104
Train: [52][0/26]	loss 0.2802
Train: [52][10/26]	loss 0.1595
Train: [52][20/26]	loss 0.1350
Validating: Epoch: 52 Loss: 0.3165 IoU_pred: -0.2998
Train: [53][0/26]	loss 0.3622
Train: [53][10/26]	loss 0.1983
Train: [53][20/26]	loss 0.1722
Validating: Epoch: 53 Loss: 0.3263 IoU_pred: -0.3202
Train: [54][0/26]	loss 0.3811
Train: [54][10/26]	loss 0.3382
Train: [54][20/26]	loss 0.1974
Validating: Epoch: 54 Loss: 0.3145 IoU_pred: -0.3045
Train: [55][0/26]	loss 0.0764
Train: [55][10/26]	loss 0.1275
Train: [55][20/26]	loss 0.3444
Validating: Epoch: 55 Loss: 0.3177 IoU_pred: -0.3440
Train: [56][0/26]	loss 0.3197
Train: [56][10/26]	loss 0.2834
Train: [56][20/26]	loss 0.6453
Validating: Epoch: 56 Loss: 0.3162 IoU_pred: -0.3281
Train: [57][0/26]	loss 0.1169
Train: [57][10/26]	loss 0.1917
Train: [57][20/26]	loss 0.1597
Validating: Epoch: 57 Loss: 0.3286 IoU_pred: -0.3560
Train: [58][0/26]	loss 0.1846
Train: [58][10/26]	loss 0.5681
Train: [58][20/26]	loss 0.4321
Validating: Epoch: 58 Loss: 0.3191 IoU_pred: -0.3525
Train: [59][0/26]	loss 0.6142
Train: [59][10/26]	loss 0.2175
Train: [59][20/26]	loss 0.1745
Validating: Epoch: 59 Loss: 0.3050 IoU_pred: -0.3149
Train: [60][0/26]	loss 0.2707
Train: [60][10/26]	loss 0.3548
Train: [60][20/26]	loss 0.6057
Validating: Epoch: 60 Loss: 0.3141 IoU_pred: -0.3252
Train: [61][0/26]	loss 0.1961
Train: [61][10/26]	loss 0.3125
Train: [61][20/26]	loss 0.2893
Validating: Epoch: 61 Loss: 0.3180 IoU_pred: -0.3087
Train: [62][0/26]	loss 0.2804
Train: [62][10/26]	loss 0.2195
Train: [62][20/26]	loss 0.1956
Validating: Epoch: 62 Loss: 0.3061 IoU_pred: -0.3209
Train: [63][0/26]	loss 0.4464
Train: [63][10/26]	loss 0.2731
Train: [63][20/26]	loss 0.3947
Validating: Epoch: 63 Loss: 0.3280 IoU_pred: -0.3258
Train: [64][0/26]	loss 0.4162
Train: [64][10/26]	loss 0.1708
Train: [64][20/26]	loss 0.1668
Validating: Epoch: 64 Loss: 0.3033 IoU_pred: -0.2969
Train: [65][0/26]	loss 0.6252
Train: [65][10/26]	loss 0.3278
Train: [65][20/26]	loss 0.2635
Validating: Epoch: 65 Loss: 0.3158 IoU_pred: -0.3402
Train: [66][0/26]	loss 0.4295
Train: [66][10/26]	loss 0.1959
Train: [66][20/26]	loss 0.1822
Validating: Epoch: 66 Loss: 0.3182 IoU_pred: -0.3296
Train: [67][0/26]	loss 0.3169
Train: [67][10/26]	loss 0.4049
Train: [67][20/26]	loss 0.3035
Validating: Epoch: 67 Loss: 0.3125 IoU_pred: -0.2568
Train: [68][0/26]	loss 0.2154
Train: [68][10/26]	loss 0.2931
Train: [68][20/26]	loss 0.1929
Validating: Epoch: 68 Loss: 0.3268 IoU_pred: -0.3218
Train: [69][0/26]	loss 0.3270
Train: [69][10/26]	loss 0.2646
Train: [69][20/26]	loss 0.1888
Validating: Epoch: 69 Loss: 0.3124 IoU_pred: -0.3040
Train: [70][0/26]	loss 0.1652
Train: [70][10/26]	loss 0.2210
Train: [70][20/26]	loss 0.1477
Validating: Epoch: 70 Loss: 0.3116 IoU_pred: -0.3056
Train: [71][0/26]	loss 0.1284
Train: [71][10/26]	loss 0.2321
Train: [71][20/26]	loss 0.2855
Validating: Epoch: 71 Loss: 0.3199 IoU_pred: -0.3216
Train: [72][0/26]	loss 0.4828
Train: [72][10/26]	loss 0.1110
Train: [72][20/26]	loss 0.2561
Validating: Epoch: 72 Loss: 0.3144 IoU_pred: -0.2845
Train: [73][0/26]	loss 0.3742
Train: [73][10/26]	loss 0.2759
Train: [73][20/26]	loss 0.1778
Validating: Epoch: 73 Loss: 0.3197 IoU_pred: -0.3413
Train: [74][0/26]	loss 0.1849
Train: [74][10/26]	loss 0.4837
Train: [74][20/26]	loss 0.2541
Validating: Epoch: 74 Loss: 0.3174 IoU_pred: -0.2848
Train: [75][0/26]	loss 0.1887
Train: [75][10/26]	loss 0.3321
Train: [75][20/26]	loss 0.2234
Validating: Epoch: 75 Loss: 0.3068 IoU_pred: -0.3146
Train: [76][0/26]	loss 0.2217
Train: [76][10/26]	loss 0.3169
Train: [76][20/26]	loss 0.2740
Validating: Epoch: 76 Loss: 0.3130 IoU_pred: -0.3379
Train: [77][0/26]	loss 0.2345
Train: [77][10/26]	loss 0.3014
Train: [77][20/26]	loss 0.3321
Validating: Epoch: 77 Loss: 0.3140 IoU_pred: -0.3070
Train: [78][0/26]	loss 0.2849
Train: [78][10/26]	loss 0.2924
Train: [78][20/26]	loss 0.3606
Validating: Epoch: 78 Loss: 0.3255 IoU_pred: -0.3503
Train: [79][0/26]	loss 0.2200
Train: [79][10/26]	loss 0.2469
Train: [79][20/26]	loss 0.5156
Validating: Epoch: 79 Loss: 0.3136 IoU_pred: -0.3110
Train: [80][0/26]	loss 0.2468
Train: [80][10/26]	loss 0.1358
Train: [80][20/26]	loss 0.3361
Validating: Epoch: 80 Loss: 0.3222 IoU_pred: -0.3332
Train: [81][0/26]	loss 0.2461
Train: [81][10/26]	loss 0.7045
Train: [81][20/26]	loss 0.3069
Validating: Epoch: 81 Loss: 0.3209 IoU_pred: -0.3174
Train: [82][0/26]	loss 0.3183
Train: [82][10/26]	loss 0.1412
Train: [82][20/26]	loss 0.1731
Validating: Epoch: 82 Loss: 0.3052 IoU_pred: -0.2944
Train: [83][0/26]	loss 0.2721
Train: [83][10/26]	loss 0.3295
Train: [83][20/26]	loss 0.3242
Validating: Epoch: 83 Loss: 0.3093 IoU_pred: -0.3039
Train: [84][0/26]	loss 0.8179
Train: [84][10/26]	loss 0.2105
Train: [84][20/26]	loss 0.2933
Validating: Epoch: 84 Loss: 0.3145 IoU_pred: -0.2919
Train: [85][0/26]	loss 0.4568
Train: [85][10/26]	loss 0.2141
Train: [85][20/26]	loss 0.0945
Validating: Epoch: 85 Loss: 0.3198 IoU_pred: -0.3340
Train: [86][0/26]	loss 0.2298
Train: [86][10/26]	loss 0.1159
Train: [86][20/26]	loss 0.2452
Validating: Epoch: 86 Loss: 0.3159 IoU_pred: -0.3200
Train: [87][0/26]	loss 0.4418
Train: [87][10/26]	loss 0.3151
Train: [87][20/26]	loss 0.3322
Validating: Epoch: 87 Loss: 0.3190 IoU_pred: -0.3084
Train: [88][0/26]	loss 0.1792
Train: [88][10/26]	loss 0.2824
Train: [88][20/26]	loss 0.2211
Validating: Epoch: 88 Loss: 0.3097 IoU_pred: -0.2973
Train: [89][0/26]	loss 0.3865
Train: [89][10/26]	loss 0.6280
Train: [89][20/26]	loss 0.1262
Validating: Epoch: 89 Loss: 0.3107 IoU_pred: -0.2937
Train: [90][0/26]	loss 0.2523
Train: [90][10/26]	loss 0.2821
Train: [90][20/26]	loss 0.1684
Validating: Epoch: 90 Loss: 0.3244 IoU_pred: -0.3424
Train: [91][0/26]	loss 0.1792
Train: [91][10/26]	loss 0.1880
Train: [91][20/26]	loss 0.4348
Validating: Epoch: 91 Loss: 0.3232 IoU_pred: -0.3366
Train: [92][0/26]	loss 0.9702
Train: [92][10/26]	loss 0.1658
Train: [92][20/26]	loss 0.1035
Validating: Epoch: 92 Loss: 0.3144 IoU_pred: -0.3420
Train: [93][0/26]	loss 0.2437
Train: [93][10/26]	loss 0.4954
Train: [93][20/26]	loss 0.1074
Validating: Epoch: 93 Loss: 0.3111 IoU_pred: -0.2910
Train: [94][0/26]	loss 0.2265
Train: [94][10/26]	loss 0.3299
Train: [94][20/26]	loss 0.2599
Validating: Epoch: 94 Loss: 0.3132 IoU_pred: -0.3201
Train: [95][0/26]	loss 0.2036
Train: [95][10/26]	loss 0.2234
Train: [95][20/26]	loss 0.2339
Validating: Epoch: 95 Loss: 0.3217 IoU_pred: -0.2884
Train: [96][0/26]	loss 0.2898
Train: [96][10/26]	loss 0.2184
Train: [96][20/26]	loss 0.2374
Validating: Epoch: 96 Loss: 0.3173 IoU_pred: -0.3091
Train: [97][0/26]	loss 0.2727
Train: [97][10/26]	loss 0.2308
Train: [97][20/26]	loss 0.2737
Validating: Epoch: 97 Loss: 0.3156 IoU_pred: -0.3037
Train: [98][0/26]	loss 1.1195
Train: [98][10/26]	loss 0.2004
Train: [98][20/26]	loss 0.3528
Validating: Epoch: 98 Loss: 0.3143 IoU_pred: -0.2940
Train: [99][0/26]	loss 0.5886
Train: [99][10/26]	loss 0.4342
Train: [99][20/26]	loss 0.4834
Validating: Epoch: 99 Loss: 0.3194 IoU_pred: -0.2935
Train: [100][0/26]	loss 0.3264
Train: [100][10/26]	loss 0.2481
Train: [100][20/26]	loss 0.2435
Validating: Epoch: 100 Loss: 0.3199 IoU_pred: -0.3193
Train: [101][0/26]	loss 0.3533
Train: [101][10/26]	loss 0.3271
Train: [101][20/26]	loss 0.2832
Validating: Epoch: 101 Loss: 0.3233 IoU_pred: -0.2839
Train: [102][0/26]	loss 0.1180
Train: [102][10/26]	loss 0.1712
Train: [102][20/26]	loss 0.2865
Validating: Epoch: 102 Loss: 0.3071 IoU_pred: -0.3617
Train: [103][0/26]	loss 0.4529
Train: [103][10/26]	loss 0.4437
Train: [103][20/26]	loss 0.2289
Validating: Epoch: 103 Loss: 0.3034 IoU_pred: -0.2954
Train: [104][0/26]	loss 0.4976
Train: [104][10/26]	loss 0.1482
Train: [104][20/26]	loss 0.1027
Validating: Epoch: 104 Loss: 0.3140 IoU_pred: -0.3211
Train: [105][0/26]	loss 0.4106
Train: [105][10/26]	loss 0.6774
Train: [105][20/26]	loss 0.2790
Validating: Epoch: 105 Loss: 0.3180 IoU_pred: -0.3374
Train: [106][0/26]	loss 0.2519
Train: [106][10/26]	loss 0.3718
Train: [106][20/26]	loss 0.1950
Validating: Epoch: 106 Loss: 0.3149 IoU_pred: -0.2903
Train: [107][0/26]	loss 0.2741
Train: [107][10/26]	loss 0.1928
Train: [107][20/26]	loss 0.1150
Validating: Epoch: 107 Loss: 0.3263 IoU_pred: -0.3648
Train: [108][0/26]	loss 0.1555
Train: [108][10/26]	loss 0.3729
Train: [108][20/26]	loss 0.3281
Validating: Epoch: 108 Loss: 0.3212 IoU_pred: -0.3152
Train: [109][0/26]	loss 0.2127
Train: [109][10/26]	loss 0.5799
Train: [109][20/26]	loss 0.2395
Validating: Epoch: 109 Loss: 0.3058 IoU_pred: -0.3081
Train: [110][0/26]	loss 0.1447
Train: [110][10/26]	loss 0.1923
Train: [110][20/26]	loss 0.1659
Validating: Epoch: 110 Loss: 0.3170 IoU_pred: -0.3394
Train: [111][0/26]	loss 0.1960
Train: [111][10/26]	loss 0.2122
Train: [111][20/26]	loss 0.2057
Validating: Epoch: 111 Loss: 0.3133 IoU_pred: -0.3093
Train: [112][0/26]	loss 0.1782
Train: [112][10/26]	loss 0.1897
Train: [112][20/26]	loss 0.4165
Validating: Epoch: 112 Loss: 0.3187 IoU_pred: -0.3272
Train: [113][0/26]	loss 0.1602
Train: [113][10/26]	loss 0.2661
Train: [113][20/26]	loss 0.2550
Validating: Epoch: 113 Loss: 0.3195 IoU_pred: -0.3331
Train: [114][0/26]	loss 0.4016
Train: [114][10/26]	loss 0.2221
Train: [114][20/26]	loss 0.2346
Validating: Epoch: 114 Loss: 0.3174 IoU_pred: -0.3012
Train: [115][0/26]	loss 0.1946
Train: [115][10/26]	loss 0.2270
Train: [115][20/26]	loss 0.3548
Validating: Epoch: 115 Loss: 0.3223 IoU_pred: -0.3328
Train: [116][0/26]	loss 0.2763
Train: [116][10/26]	loss 0.2347
Train: [116][20/26]	loss 0.0903
Validating: Epoch: 116 Loss: 0.3165 IoU_pred: -0.3292
Train: [117][0/26]	loss 0.3404
Train: [117][10/26]	loss 0.1453
Train: [117][20/26]	loss 0.3027
Validating: Epoch: 117 Loss: 0.3075 IoU_pred: -0.3043
Train: [118][0/26]	loss 0.4153
Train: [118][10/26]	loss 0.3089
Train: [118][20/26]	loss 0.3468
Validating: Epoch: 118 Loss: 0.3195 IoU_pred: -0.3448
Train: [119][0/26]	loss 0.1747
Train: [119][10/26]	loss 0.2386
Train: [119][20/26]	loss 0.1123
Validating: Epoch: 119 Loss: 0.3239 IoU_pred: -0.3721
Test
dataset length: 20
(20, 224, 224) (20, 224, 224)
finish saving file: patient_014
dataset length: 18
(18, 224, 224) (18, 224, 224)
finish saving file: patient_060
dataset length: 18
(18, 224, 224) (18, 224, 224)
finish saving file: patient_044
dataset length: 16
(16, 224, 224) (16, 224, 224)
finish saving file: patient_036
dataset length: 20
(20, 224, 224) (20, 224, 224)
finish saving file: patient_003
dataset length: 16
(16, 224, 224) (16, 224, 224)
finish saving file: patient_100
dataset length: 16
(16, 224, 224) (16, 224, 224)
finish saving file: patient_065
dataset length: 20
(20, 224, 224) (20, 224, 224)
finish saving file: patient_013
dataset length: 16
(16, 224, 224) (16, 224, 224)
finish saving file: patient_038
dataset length: 20
(20, 224, 224) (20, 224, 224)
finish saving file: patient_093
dataset length: 24
(24, 224, 224) (24, 224, 224)
finish saving file: patient_043
dataset length: 32
(32, 224, 224) (32, 224, 224)
finish saving file: patient_082
dataset length: 20
(20, 224, 224) (20, 224, 224)
finish saving file: patient_031
dataset length: 20
(20, 224, 224) (20, 224, 224)
finish saving file: patient_005
dataset length: 20
/home/kl321/miniconda3/envs/medsam/lib/python3.10/site-packages/numpy/core/fromnumeric.py:3504: RuntimeWarning: Mean of empty slice.
  return _methods._mean(a, axis=axis, dtype=dtype,
/home/kl321/miniconda3/envs/medsam/lib/python3.10/site-packages/numpy/core/_methods.py:129: RuntimeWarning: invalid value encountered in scalar divide
  ret = ret.dtype.type(ret / rcount)
(20, 224, 224) (20, 224, 224)
finish saving file: patient_016
patient_003.nii
patient_003.nii
patient_005.nii
patient_005.nii
patient_013.nii
patient_013.nii
patient_014.nii
patient_014.nii
patient_016.nii
patient_016.nii
patient_031.nii
patient_031.nii
patient_036.nii
patient_036.nii
patient_038.nii
patient_038.nii
patient_043.nii
patient_043.nii
patient_044.nii
patient_044.nii
patient_060.nii
patient_060.nii
patient_065.nii
patient_065.nii
patient_082.nii
patient_082.nii
patient_093.nii
patient_093.nii
patient_100.nii
patient_100.nii
done
********************
patient_003.nii
********************
patient_003.nii
Dice_rv: 0.6548
Dice_myo: 0.8028
Dice_lv: 0.9554
********************
********************
patient_005.nii
********************
patient_005.nii
Dice_rv: 0.6461
Dice_myo: 0.8372
Dice_lv: 0.9261
********************
********************
patient_013.nii
********************
patient_013.nii
Dice_rv: 0.7522
Dice_myo: 0.8459
Dice_lv: 0.9531
********************
********************
patient_014.nii
********************
patient_014.nii
Dice_rv: 0.7575
Dice_myo: 0.8183
Dice_lv: 0.9604
********************
********************
patient_016.nii
********************
patient_016.nii
Dice_rv: 0.7255
Dice_myo: 0.7863
Dice_lv: 0.9673
********************
********************
patient_031.nii
********************
patient_031.nii
Dice_rv: 0.7378
Dice_myo: 0.8134
Dice_lv: 0.9158
********************
********************
patient_036.nii
********************
patient_036.nii
Dice_rv: 0.8397
Dice_myo: 0.8494
Dice_lv: 0.9450
********************
********************
patient_038.nii
********************
patient_038.nii
Dice_rv: 0.7305
Dice_myo: 0.5677
Dice_lv: 0.8230
********************
********************
patient_043.nii
********************
patient_043.nii
Dice_rv: 0.7843
Dice_myo: 0.7735
Dice_lv: 0.9296
********************
********************
patient_044.nii
********************
patient_044.nii
Dice_rv: 0.4383
Dice_myo: 0.7400
Dice_lv: 0.8713
********************
********************
patient_060.nii
********************
patient_060.nii
Dice_rv: 0.1324
Dice_myo: 0.2905
Dice_lv: 0.0833
********************
********************
patient_065.nii
********************
patient_065.nii
Dice_rv: 0.4812
Dice_myo: 0.3108
Dice_lv: 0.7229
********************
********************
patient_082.nii
********************
patient_082.nii
Dice_rv: 0.8390
Dice_myo: 0.8444
Dice_lv: 0.9520
********************
********************
patient_093.nii
********************
patient_093.nii
Dice_rv: 0.7971
Dice_myo: 0.7360
Dice_lv: 0.9490
********************
********************
patient_100.nii
********************
patient_100.nii
Dice_rv: 0.8955
Dice_myo: 0.8046
Dice_lv: 0.9414
********************
********************
Mean_Dice
Dice_rv0.6807962137758335
Dice_myo0.721388066118416
Dice_lv0.8597002665997968
Mean_HD
********************
avg_hd:nan
DSC:0.7539615154980156
HD:nan
